#
# A fatal error has been detected by the Java Runtime Environment:
#
#  EXCEPTION_ACCESS_VIOLATION (0xc0000005) at pc=0x000000006de7bb7a, pid=14148, tid=0x00000000000034a0
#
# JRE version: OpenJDK Runtime Environment (8.0_212-b04) (build 1.8.0_212-release-1586-b04)
# Java VM: OpenJDK 64-Bit Server VM (25.212-b04 mixed mode windows-amd64 compressed oops)
# Problematic frame:
# V  [jvm.dll+0x3cbb7a]
#
# Failed to write core dump. Minidumps are not enabled by default on client versions of Windows
#
# If you would like to submit a bug report, please visit:
#   
#

---------------  T H R E A D  ---------------

Current thread (0x0000000003153800):  GCTaskThread [stack: 0x0000000013200000,0x0000000013300000] [id=13472]

siginfo: ExceptionCode=0xc0000005, reading address 0xffffffffffffffff

Registers:
RAX=0x00001ffffffffc00, RBX=0x00009fffffffec00, RCX=0x000000006e279fb0, RDX=0x0000000080000000
RSP=0x00000000132ff650, RBP=0x000000006e279fb0, RSI=0x0000000001740000, RDI=0x0000000080000000
R8 =0x0000000000010000, R9 =0x00000001002e6248, R10=0x0000000003222d50, R11=0x0000000000120000
R12=0x00000000a08af1b8, R13=0x0000000000000005, R14=0x00000000132ff7e0, R15=0x00000000132ff7b0
RIP=0x000000006de7bb7a, EFLAGS=0x0000000000010a06

Top of Stack: (sp=0x00000000132ff650)
0x00000000132ff650:   0000000000360000 00000000a08af0e0
0x00000000132ff660:   0000000003222d50 000000006dbab942
0x00000000132ff670:   00000000a08af1b8 00000001002e6510
0x00000000132ff680:   00000000a08af1e0 000000006db94e66
0x00000000132ff690:   00000000a08af0e0 00000000a08af1d4
0x00000000132ff6a0:   00000001002e6518 00000000031547b0
0x00000000132ff6b0:   0000000000120000 0000000000360000
0x00000000132ff6c0:   0000000000115e3b 000000006de7ba11
0x00000000132ff6d0:   0000000000115e37 000000006e279f30
0x00000000132ff6e0:   0000000000120000 0000000000360000
0x00000000132ff6f0:   00000000a08af110 000000006de7cf69
0x00000000132ff700:   0000000000000217 000000006e279f30
0x00000000132ff710:   00000000132ff7b0 00000000132ff768
0x00000000132ff720:   0000000000115e37 000000006de725a0
0x00000000132ff730:   0000000000115e2c 000000006e279f30
0x00000000132ff740:   0000000000120000 00000000a0600004 

Instructions: (pc=0x000000006de7bb7a)
0x000000006de7bb5a:   56 57 41 54 48 83 ec 20 48 8b 71 18 48 8b c2 48
0x000000006de7bb6a:   8b fa 48 2b 01 48 8b e9 48 c1 e8 13 48 8d 1c 80
0x000000006de7bb7a:   44 8b 44 de 1c 8b 44 de 18 4c 8b 24 de 41 81 e0
0x000000006de7bb8a:   ff ff ff 07 4c 03 c0 49 81 f8 00 00 01 00 75 09 


Register to memory mapping:

RAX=0x00001ffffffffc00 is an unknown value
RBX=0x00009fffffffec00 is an unknown value
RCX=0x000000006e279fb0 is an unknown value
RDX=0x0000000080000000 is an unknown value
RSP=0x00000000132ff650 is an unknown value
RBP=0x000000006e279fb0 is an unknown value
RSI=0x0000000001740000 is an unknown value
RDI=0x0000000080000000 is an unknown value
R8 =0x0000000000010000 is an unknown value
R9 =0x00000001002e6248 is pointing into metadata
R10=0x0000000003222d50 is an unknown value
R11=0x0000000000120000 is an unknown value
R12=0x00000000a08af1b8 is an oop
org.codehaus.groovy.runtime.metaclass.NewInstanceMetaMethod 
 - klass: 'org/codehaus/groovy/runtime/metaclass/NewInstanceMetaMethod'
R13=0x0000000000000005 is an unknown value
R14=0x00000000132ff7e0 is an unknown value
R15=0x00000000132ff7b0 is an unknown value


Stack: [0x0000000013200000,0x0000000013300000],  sp=0x00000000132ff650,  free space=1021k
Native frames: (J=compiled Java code, j=interpreted, Vv=VM code, C=native code)
V  [jvm.dll+0x3cbb7a]
V  [jvm.dll+0xe4e66]
V  [jvm.dll+0x3cba11]
V  [jvm.dll+0x3ccf69]
V  [jvm.dll+0x3c25a0]
V  [jvm.dll+0x3ccb0b]
V  [jvm.dll+0x3c0a0e]
V  [jvm.dll+0x26f53a]
C  [msvcr100.dll+0x21d9f]
C  [msvcr100.dll+0x21e3b]
C  [KERNEL32.DLL+0x17bd4]
C  [ntdll.dll+0x6ce51]


---------------  P R O C E S S  ---------------

Java Threads: ( => current thread )
  0x0000000020ceb000 JavaThread "Cache worker for file content cache (E:\PJATK\pamo_project\PAMO\.gradle\5.6.4\fileContent)" [_thread_blocked, id=13356, stack(0x0000000023fb0000,0x00000000240b0000)]
  0x0000000020ce4800 JavaThread "Cache worker for Build Output Cleanup Cache (E:\PJATK\pamo_project\PAMO\.gradle\buildOutputCleanup)" [_thread_blocked, id=392, stack(0x00000000238b0000,0x00000000239b0000)]
  0x0000000020ce3000 JavaThread "Build operations Thread 8" [_thread_blocked, id=14892, stack(0x00000000237b0000,0x00000000238b0000)]
  0x0000000020ce9800 JavaThread "Build operations Thread 7" [_thread_blocked, id=14276, stack(0x00000000236b0000,0x00000000237b0000)]
  0x0000000020ce5000 JavaThread "Build operations Thread 6" [_thread_blocked, id=15936, stack(0x00000000235b0000,0x00000000236b0000)]
  0x0000000020ce6000 JavaThread "Build operations Thread 5" [_thread_blocked, id=12284, stack(0x00000000234b0000,0x00000000235b0000)]
  0x000000002d0ff800 JavaThread "Build operations Thread 4" [_thread_blocked, id=1804, stack(0x00000000233b0000,0x00000000234b0000)]
  0x000000002d0fe000 JavaThread "Build operations Thread 3" [_thread_blocked, id=11348, stack(0x00000000232b0000,0x00000000233b0000)]
  0x000000002d101000 JavaThread "Build operations Thread 2" [_thread_blocked, id=13744, stack(0x00000000231b0000,0x00000000232b0000)]
  0x000000002d100000 JavaThread "Build operations" [_thread_blocked, id=13156, stack(0x0000000022bb0000,0x0000000022cb0000)]
  0x000000002d0fe800 JavaThread "Cache worker for cache directory md-rule (C:\Users\robert\.gradle\caches\5.6.4\md-rule)" [_thread_blocked, id=15588, stack(0x0000000020240000,0x0000000020340000)]
  0x000000002d0fc800 JavaThread "Cache worker for cache directory md-supplier (C:\Users\robert\.gradle\caches\5.6.4\md-supplier)" [_thread_blocked, id=5360, stack(0x000000001fea0000,0x000000001ffa0000)]
  0x000000002d0fb800 JavaThread "Cache worker for file hash cache (E:\PJATK\pamo_project\PAMO\.gradle\5.6.4\fileHashes)" [_thread_blocked, id=8968, stack(0x000000001d400000,0x000000001d500000)]
  0x000000002d0fd000 JavaThread "Thread-150" [_thread_blocked, id=3168, stack(0x000000001d300000,0x000000001d400000)]
  0x000000002d0f4000 JavaThread "Stdin handler" [_thread_blocked, id=5008, stack(0x000000001d200000,0x000000001d300000)]
  0x000000002d0f2800 JavaThread "Asynchronous log dispatcher for DefaultDaemonConnection: socket connection from /127.0.0.1:53888 to /127.0.0.1:54032" [_thread_blocked, id=16280, stack(0x000000001cf00000,0x000000001d000000)]
  0x000000002d0f9800 JavaThread "Cancel handler" [_thread_blocked, id=15660, stack(0x0000000001500000,0x0000000001600000)]
  0x000000002d0f6800 JavaThread "Handler for socket connection from /127.0.0.1:53888 to /127.0.0.1:54032" [_thread_in_native, id=15088, stack(0x0000000001400000,0x0000000001500000)]
  0x000000002d101800 JavaThread "ForkJoinPool.commonPool-worker-7" daemon [_thread_blocked, id=15760, stack(0x0000000024ac0000,0x0000000024bc0000)]
  0x000000001deb0000 JavaThread "Daemon worker Thread 3" [_thread_blocked, id=8632, stack(0x000000001ce00000,0x000000001cf00000)]
  0x000000001deb5000 JavaThread "Daemon Thread 3" [_thread_blocked, id=5196, stack(0x0000000001300000,0x0000000001400000)]
  0x000000001e7d4000 JavaThread "Cache worker for Java compile cache (C:\Users\robert\.gradle\caches\5.6.4\javaCompile)" [_thread_blocked, id=15236, stack(0x000000002bbf0000,0x000000002bcf0000)]
  0x000000001debd000 JavaThread "Cache worker for file content cache (C:\Users\robert\.gradle\caches\5.6.4\fileContent)" [_thread_blocked, id=14076, stack(0x00000000249c0000,0x0000000024ac0000)]
  0x000000001debc000 JavaThread "Memory manager" [_thread_blocked, id=4644, stack(0x00000000242b0000,0x00000000243b0000)]
  0x000000001deaf000 JavaThread "Cache worker for execution history cache (C:\Users\robert\.gradle\caches\5.6.4\executionHistory)" [_thread_blocked, id=15448, stack(0x0000000022eb0000,0x0000000022fb0000)]
  0x000000001ba39000 JavaThread "Cache worker for journal cache (C:\Users\robert\.gradle\caches\journal-1)" [_thread_blocked, id=7040, stack(0x000000001dc00000,0x000000001dd00000)]
  0x000000001ba38800 JavaThread "File lock request listener" [_thread_in_native, id=9936, stack(0x000000001db00000,0x000000001dc00000)]
  0x000000001ba37800 JavaThread "Cache worker for file hash cache (C:\Users\robert\.gradle\caches\5.6.4\fileHashes)" [_thread_blocked, id=8076, stack(0x000000001d800000,0x000000001d900000)]
  0x000000001b8c1800 JavaThread "Daemon periodic checks" [_thread_blocked, id=14992, stack(0x000000001cd00000,0x000000001ce00000)]
  0x000000001b857800 JavaThread "Incoming local TCP Connector on port 53888" [_thread_in_native, id=140, stack(0x000000001caa0000,0x000000001cba0000)]
  0x000000001b7b9800 JavaThread "Daemon health stats" [_thread_blocked, id=9560, stack(0x000000001c460000,0x000000001c560000)]
  0x0000000018e38000 JavaThread "Service Thread" daemon [_thread_blocked, id=12464, stack(0x0000000019ac0000,0x0000000019bc0000)]
  0x0000000018df1000 JavaThread "C1 CompilerThread3" daemon [_thread_blocked, id=14172, stack(0x00000000199c0000,0x0000000019ac0000)]
  0x0000000018de9000 JavaThread "C2 CompilerThread2" daemon [_thread_blocked, id=14412, stack(0x00000000198c0000,0x00000000199c0000)]
  0x0000000016ffc800 JavaThread "C2 CompilerThread1" daemon [_thread_blocked, id=9056, stack(0x00000000197c0000,0x00000000198c0000)]
  0x0000000018de6800 JavaThread "C2 CompilerThread0" daemon [_thread_blocked, id=6360, stack(0x00000000196c0000,0x00000000197c0000)]
  0x0000000018de4800 JavaThread "Attach Listener" daemon [_thread_blocked, id=3260, stack(0x00000000195c0000,0x00000000196c0000)]
  0x0000000018de3800 JavaThread "Signal Dispatcher" daemon [_thread_blocked, id=13016, stack(0x00000000194c0000,0x00000000195c0000)]
  0x000000000322d800 JavaThread "Finalizer" daemon [_thread_blocked, id=13460, stack(0x00000000192b0000,0x00000000193b0000)]
  0x0000000016fec000 JavaThread "Reference Handler" daemon [_thread_blocked, id=15020, stack(0x00000000191b0000,0x00000000192b0000)]
  0x00000000030ad800 JavaThread "main" [_thread_blocked, id=9336, stack(0x0000000002f90000,0x0000000003090000)]

Other Threads:
  0x0000000016fe8000 VMThread [stack: 0x0000000018cb0000,0x0000000018db0000] [id=12368]
  0x0000000018e3a000 WatcherThread [stack: 0x0000000019bc0000,0x0000000019cc0000] [id=8280]

=>0x0000000003153800 (exited) GCTaskThread [stack: 0x0000000013200000,0x0000000013300000] [id=13472]

VM state:at safepoint (normal execution)

VM Mutex/Monitor currently owned by a thread:  ([mutex/lock_event])
[0x00000000030ac5a0] Threads_lock - owner thread: 0x0000000016fe8000
[0x00000000030ac7a0] Heap_lock - owner thread: 0x000000001deb0000

heap address: 0x00000000a0000000, size: 1536 MB, Compressed Oops mode: 32-bit
Narrow klass base: 0x0000000000000000, Narrow klass shift: 3
Compressed class space size: 1073741824 Address: 0x0000000100000000

Heap:
 PSYoungGen      total 351232K, used 39202K [0x00000000e0000000, 0x00000000fbc00000, 0x0000000100000000)
  eden space 303104K, 0% used [0x00000000e0000000,0x00000000e0000000,0x00000000f2800000)
  from space 48128K, 81% used [0x00000000f8d00000,0x00000000fb348a48,0x00000000fbc00000)
  to   space 75776K, 0% used [0x00000000f2800000,0x00000000f2800000,0x00000000f7200000)
 ParOldGen       total 342528K, used 106958K [0x00000000a0000000, 0x00000000b4e80000, 0x00000000e0000000)
  object space 342528K, 31% used [0x00000000a0000000,0x00000000a6873968,0x00000000b4e80000)
 Metaspace       used 93264K, capacity 98371K, committed 98496K, reserved 1134592K
  class space    used 12110K, capacity 13016K, committed 13016K, reserved 1048576K

Card table byte_map: [0x00000000125f0000,0x0000000012900000] byte_map_base: 0x00000000120f0000

Marking Bits: (ParMarkBitMap*) 0x000000006e279f30
 Begin Bits: [0x0000000013300000, 0x0000000014b00000)
 End Bits:   [0x0000000014b00000, 0x0000000016300000)

Polling page: 0x0000000001710000

CodeCache: size=245760Kb used=55082Kb max_used=55082Kb free=190677Kb
 bounds [0x0000000003230000, 0x0000000006840000, 0x0000000012230000]
 total_blobs=17180 nmethods=16267 adapters=821
 compilation: enabled

Compilation events (10 events):
Event: 1598.053 Thread 0x0000000018df1000 20019       3       org.gradle.api.internal.tasks.DefaultTaskContainer::access$000 (7 bytes)
Event: 1598.053 Thread 0x0000000018df1000 nmethod 20019 0x000000000683c190 code [0x000000000683c300, 0x000000000683c468]
Event: 1598.053 Thread 0x0000000018df1000 20021       3       org.gradle.api.internal.FilePropertyContainer::create (8 bytes)
Event: 1598.053 Thread 0x0000000018df1000 nmethod 20021 0x000000000683c510 code [0x000000000683c6a0, 0x000000000683cb50]
Event: 1598.053 Thread 0x0000000018df1000 20022       3       org.gradle.api.internal.FilePropertyContainer::<init> (12 bytes)
Event: 1598.053 Thread 0x0000000018df1000 nmethod 20022 0x000000000683ce10 code [0x000000000683cfa0, 0x000000000683d3b0]
Event: 1598.053 Thread 0x0000000018df1000 20018       1       org.gradle.execution.plan.TaskNodeDependencyResolver::access$000 (5 bytes)
Event: 1598.053 Thread 0x0000000018df1000 nmethod 20018 0x000000000683d5d0 code [0x000000000683d720, 0x000000000683d810]
Event: 1598.053 Thread 0x0000000018df1000 20020       3       org.gradle.api.internal.tasks.DefaultTaskContainer::access$200 (7 bytes)
Event: 1598.054 Thread 0x0000000018df1000 nmethod 20020 0x000000000683d890 code [0x000000000683da00, 0x000000000683db68]

GC Heap History (10 events):
Event: 21.865 GC heap after
Heap after GC invocations=13 (full 3):
 PSYoungGen      total 360448K, used 33788K [0x00000000e0000000, 0x00000000fc700000, 0x0000000100000000)
  eden space 326656K, 0% used [0x00000000e0000000,0x00000000e0000000,0x00000000f3f00000)
  from space 33792K, 99% used [0x00000000f6b00000,0x00000000f8bff280,0x00000000f8c00000)
  to   space 45056K, 0% used [0x00000000f3f00000,0x00000000f3f00000,0x00000000f6b00000)
 ParOldGen       total 342528K, used 67429K [0x00000000a0000000, 0x00000000b4e80000, 0x00000000e0000000)
  object space 342528K, 19% used [0x00000000a0000000,0x00000000a41d96c0,0x00000000b4e80000)
 Metaspace       used 86237K, capacity 90892K, committed 91224K, reserved 1128448K
  class space    used 11667K, capacity 12517K, committed 12632K, reserved 1048576K
}
Event: 36.512 GC heap before
{Heap before GC invocations=14 (full 3):
 PSYoungGen      total 360448K, used 360444K [0x00000000e0000000, 0x00000000fc700000, 0x0000000100000000)
  eden space 326656K, 100% used [0x00000000e0000000,0x00000000f3f00000,0x00000000f3f00000)
  from space 33792K, 99% used [0x00000000f6b00000,0x00000000f8bff280,0x00000000f8c00000)
  to   space 45056K, 0% used [0x00000000f3f00000,0x00000000f3f00000,0x00000000f6b00000)
 ParOldGen       total 342528K, used 67429K [0x00000000a0000000, 0x00000000b4e80000, 0x00000000e0000000)
  object space 342528K, 19% used [0x00000000a0000000,0x00000000a41d96c0,0x00000000b4e80000)
 Metaspace       used 91256K, capacity 96204K, committed 96472K, reserved 1132544K
  class space    used 12057K, capacity 12947K, committed 13016K, reserved 1048576K
Event: 36.558 GC heap after
Heap after GC invocations=14 (full 3):
 PSYoungGen      total 371712K, used 45027K [0x00000000e0000000, 0x00000000fe180000, 0x0000000100000000)
  eden space 326656K, 0% used [0x00000000e0000000,0x00000000e0000000,0x00000000f3f00000)
  from space 45056K, 99% used [0x00000000f3f00000,0x00000000f6af8f18,0x00000000f6b00000)
  to   space 61952K, 0% used [0x00000000fa500000,0x00000000fa500000,0x00000000fe180000)
 ParOldGen       total 342528K, used 95967K [0x00000000a0000000, 0x00000000b4e80000, 0x00000000e0000000)
  object space 342528K, 28% used [0x00000000a0000000,0x00000000a5db7c50,0x00000000b4e80000)
 Metaspace       used 91256K, capacity 96204K, committed 96472K, reserved 1132544K
  class space    used 12057K, capacity 12947K, committed 13016K, reserved 1048576K
}
Event: 782.986 GC heap before
{Heap before GC invocations=15 (full 3):
 PSYoungGen      total 371712K, used 371683K [0x00000000e0000000, 0x00000000fe180000, 0x0000000100000000)
  eden space 326656K, 100% used [0x00000000e0000000,0x00000000f3f00000,0x00000000f3f00000)
  from space 45056K, 99% used [0x00000000f3f00000,0x00000000f6af8f18,0x00000000f6b00000)
  to   space 61952K, 0% used [0x00000000fa500000,0x00000000fa500000,0x00000000fe180000)
 ParOldGen       total 342528K, used 95967K [0x00000000a0000000, 0x00000000b4e80000, 0x00000000e0000000)
  object space 342528K, 28% used [0x00000000a0000000,0x00000000a5db7c50,0x00000000b4e80000)
 Metaspace       used 92322K, capacity 97288K, committed 97496K, reserved 1134592K
  class space    used 12085K, capacity 12977K, committed 13016K, reserved 1048576K
Event: 783.059 GC heap after
Heap after GC invocations=15 (full 3):
 PSYoungGen      total 378880K, used 60239K [0x00000000e0000000, 0x00000000fe000000, 0x0000000100000000)
  eden space 318464K, 0% used [0x00000000e0000000,0x00000000e0000000,0x00000000f3700000)
  from space 60416K, 99% used [0x00000000fa500000,0x00000000fdfd3c18,0x00000000fe000000)
  to   space 71168K, 0% used [0x00000000f5500000,0x00000000f5500000,0x00000000f9a80000)
 ParOldGen       total 342528K, used 106942K [0x00000000a0000000, 0x00000000b4e80000, 0x00000000e0000000)
  object space 342528K, 31% used [0x00000000a0000000,0x00000000a686f968,0x00000000b4e80000)
 Metaspace       used 92322K, capacity 97288K, committed 97496K, reserved 1134592K
  class space    used 12085K, capacity 12977K, committed 13016K, reserved 1048576K
}
Event: 1588.415 GC heap before
{Heap before GC invocations=16 (full 3):
 PSYoungGen      total 378880K, used 378703K [0x00000000e0000000, 0x00000000fe000000, 0x0000000100000000)
  eden space 318464K, 100% used [0x00000000e0000000,0x00000000f3700000,0x00000000f3700000)
  from space 60416K, 99% used [0x00000000fa500000,0x00000000fdfd3c18,0x00000000fe000000)
  to   space 71168K, 0% used [0x00000000f5500000,0x00000000f5500000,0x00000000f9a80000)
 ParOldGen       total 342528K, used 106942K [0x00000000a0000000, 0x00000000b4e80000, 0x00000000e0000000)
  object space 342528K, 31% used [0x00000000a0000000,0x00000000a686f968,0x00000000b4e80000)
 Metaspace       used 93052K, capacity 98140K, committed 98264K, reserved 1134592K
  class space    used 12107K, capacity 13011K, committed 13016K, reserved 1048576K
Event: 1588.450 GC heap after
Heap after GC invocations=16 (full 3):
 PSYoungGen      total 368128K, used 57062K [0x00000000e0000000, 0x00000000fc680000, 0x0000000100000000)
  eden space 310784K, 0% used [0x00000000e0000000,0x00000000e0000000,0x00000000f2f80000)
  from space 57344K, 99% used [0x00000000f5500000,0x00000000f8cb9858,0x00000000f8d00000)
  to   space 58880K, 0% used [0x00000000f8d00000,0x00000000f8d00000,0x00000000fc680000)
 ParOldGen       total 342528K, used 106950K [0x00000000a0000000, 0x00000000b4e80000, 0x00000000e0000000)
  object space 342528K, 31% used [0x00000000a0000000,0x00000000a6871968,0x00000000b4e80000)
 Metaspace       used 93052K, capacity 98140K, committed 98264K, reserved 1134592K
  class space    used 12107K, capacity 13011K, committed 13016K, reserved 1048576K
}
Event: 1598.054 GC heap before
{Heap before GC invocations=17 (full 3):
 PSYoungGen      total 368128K, used 136489K [0x00000000e0000000, 0x00000000fc680000, 0x0000000100000000)
  eden space 310784K, 25% used [0x00000000e0000000,0x00000000e4d90f40,0x00000000f2f80000)
  from space 57344K, 99% used [0x00000000f5500000,0x00000000f8cb9858,0x00000000f8d00000)
  to   space 58880K, 0% used [0x00000000f8d00000,0x00000000f8d00000,0x00000000fc680000)
 ParOldGen       total 342528K, used 106950K [0x00000000a0000000, 0x00000000b4e80000, 0x00000000e0000000)
  object space 342528K, 31% used [0x00000000a0000000,0x00000000a6871968,0x00000000b4e80000)
 Metaspace       used 93264K, capacity 98371K, committed 98496K, reserved 1134592K
  class space    used 12110K, capacity 13016K, committed 13016K, reserved 1048576K
Event: 1598.088 GC heap after
Heap after GC invocations=17 (full 3):
 PSYoungGen      total 351232K, used 39202K [0x00000000e0000000, 0x00000000fbc00000, 0x0000000100000000)
  eden space 303104K, 0% used [0x00000000e0000000,0x00000000e0000000,0x00000000f2800000)
  from space 48128K, 81% used [0x00000000f8d00000,0x00000000fb348a48,0x00000000fbc00000)
  to   space 75776K, 0% used [0x00000000f2800000,0x00000000f2800000,0x00000000f7200000)
 ParOldGen       total 342528K, used 106958K [0x00000000a0000000, 0x00000000b4e80000, 0x00000000e0000000)
  object space 342528K, 31% used [0x00000000a0000000,0x00000000a6873968,0x00000000b4e80000)
 Metaspace       used 93264K, capacity 98371K, committed 98496K, reserved 1134592K
  class space    used 12110K, capacity 13016K, committed 13016K, reserved 1048576K
}
Event: 1598.088 GC heap before
{Heap before GC invocations=18 (full 4):
 PSYoungGen      total 351232K, used 39202K [0x00000000e0000000, 0x00000000fbc00000, 0x0000000100000000)
  eden space 303104K, 0% used [0x00000000e0000000,0x00000000e0000000,0x00000000f2800000)
  from space 48128K, 81% used [0x00000000f8d00000,0x00000000fb348a48,0x00000000fbc00000)
  to   space 75776K, 0% used [0x00000000f2800000,0x00000000f2800000,0x00000000f7200000)
 ParOldGen       total 342528K, used 106958K [0x00000000a0000000, 0x00000000b4e80000, 0x00000000e0000000)
  object space 342528K, 31% used [0x00000000a0000000,0x00000000a6873968,0x00000000b4e80000)
 Metaspace       used 93264K, capacity 98371K, committed 98496K, reserved 1134592K
  class space    used 12110K, capacity 13016K, committed 13016K, reserved 1048576K

Deoptimization events (10 events):
Event: 1588.777 Thread 0x000000001deb0000 Uncommon trap: reason=unstable_if action=reinterpret pc=0x0000000005251034 method=org.gradle.internal.fingerprint.classpath.impl.ClasspathFingerprintingStrategy$ClasspathFingerprintVisitor.visit(Lorg/gradle/internal/snapshot/FileSystemLocationSnapshot;Lor
Event: 1588.783 Thread 0x000000001deb0000 Uncommon trap: reason=class_check action=maybe_recompile pc=0x0000000005f8d0d0 method=org.objectweb.asm.ClassReader.readCode(Lorg/objectweb/asm/MethodVisitor;Lorg/objectweb/asm/Context;I)V @ 3723
Event: 1588.812 Thread 0x000000002d0fd000 Uncommon trap: reason=unstable_if action=reinterpret pc=0x0000000004542738 method=java.io.BufferedOutputStream.write(I)V @ 9
Event: 1588.862 Thread 0x000000001deb0000 Uncommon trap: reason=array_check action=maybe_recompile pc=0x00000000067160c0 method=java.util.ComparableTimSort.mergeHi(IIII)V @ 101
Event: 1588.862 Thread 0x000000001deb0000 Uncommon trap: reason=array_check action=maybe_recompile pc=0x00000000067160c0 method=java.util.ComparableTimSort.mergeHi(IIII)V @ 101
Event: 1588.862 Thread 0x000000001deb0000 Uncommon trap: reason=array_check action=maybe_recompile pc=0x00000000067160c0 method=java.util.ComparableTimSort.mergeHi(IIII)V @ 101
Event: 1588.862 Thread 0x000000001deb0000 Uncommon trap: reason=array_check action=maybe_recompile pc=0x00000000067160c0 method=java.util.ComparableTimSort.mergeHi(IIII)V @ 101
Event: 1588.863 Thread 0x000000001deb0000 Uncommon trap: reason=array_check action=maybe_recompile pc=0x0000000005f72f78 method=java.util.ComparableTimSort.mergeHi(IIII)V @ 245
Event: 1588.863 Thread 0x000000001deb0000 Uncommon trap: reason=array_check action=maybe_recompile pc=0x0000000005f72f78 method=java.util.ComparableTimSort.mergeHi(IIII)V @ 245
Event: 1597.944 Thread 0x000000001deb0000 Uncommon trap: reason=predicate action=maybe_recompile pc=0x0000000006726734 method=java.util.ComparableTimSort.reverseRange([Ljava/lang/Object;II)V @ 8

Classes redefined (0 events):
No events

Internal exceptions (10 events):
Event: 782.533 Thread 0x0000000020cf0800 Exception <a 'sun/nio/fs/WindowsException'> (0x00000000efda01d0) thrown at [D:\src\AOSP-openjdk-cygwin\jdk8u\hotspot\src\share\vm\prims\jni.cpp, line 710]
Event: 783.065 Thread 0x0000000020cf1000 Implicit null exception at 0x0000000004d8b185 to 0x0000000004d8b889
Event: 783.323 Thread 0x000000002d0f4000 Exception <a 'sun/nio/fs/WindowsException'> (0x00000000e0f4b130) thrown at [D:\src\AOSP-openjdk-cygwin\jdk8u\hotspot\src\share\vm\prims\jni.cpp, line 710]
Event: 783.330 Thread 0x000000002d0f4000 Exception <a 'sun/nio/fs/WindowsException'> (0x00000000e0fe8fe8) thrown at [D:\src\AOSP-openjdk-cygwin\jdk8u\hotspot\src\share\vm\prims\jni.cpp, line 710]
Event: 783.368 Thread 0x000000002d0fc800 Exception <a 'sun/nio/fs/WindowsException'> (0x00000000e151b170) thrown at [D:\src\AOSP-openjdk-cygwin\jdk8u\hotspot\src\share\vm\prims\jni.cpp, line 710]
Event: 783.502 Thread 0x000000001deb5000 Exception <a 'sun/nio/fs/WindowsException'> (0x00000000e2ece4e8) thrown at [D:\src\AOSP-openjdk-cygwin\jdk8u\hotspot\src\share\vm\prims\jni.cpp, line 710]
Event: 783.619 Thread 0x000000001e7cc000 Exception <a 'sun/nio/fs/WindowsException'> (0x00000000e0c2dae8) thrown at [D:\src\AOSP-openjdk-cygwin\jdk8u\hotspot\src\share\vm\prims\jni.cpp, line 710]
Event: 1587.625 Thread 0x000000002d0f9800 Exception <a 'sun/nio/fs/WindowsException'> (0x00000000ed2d2700) thrown at [D:\src\AOSP-openjdk-cygwin\jdk8u\hotspot\src\share\vm\prims\jni.cpp, line 710]
Event: 1587.625 Thread 0x000000002d0f9800 Exception <a 'sun/nio/fs/WindowsException'> (0x00000000ed2d2ba8) thrown at [D:\src\AOSP-openjdk-cygwin\jdk8u\hotspot\src\share\vm\prims\jni.cpp, line 710]
Event: 1588.907 Thread 0x000000001deb0000 Exception <a 'sun/nio/fs/WindowsException'> (0x00000000e2b62d50) thrown at [D:\src\AOSP-openjdk-cygwin\jdk8u\hotspot\src\share\vm\prims\jni.cpp, line 710]

Events (10 events):
Event: 1597.913 Thread 0x0000000020ce9800 Thread added: 0x0000000020ce9800
Event: 1597.913 Thread 0x0000000020ce3000 Thread added: 0x0000000020ce3000
Event: 1597.916 Executing VM operation: RevokeBias
Event: 1597.916 Executing VM operation: RevokeBias done
Event: 1597.944 Thread 0x000000001deb0000 Uncommon trap: trap_request=0xffffff86 fr.pc=0x0000000006726734
Event: 1597.944 Thread 0x000000001deb0000 DEOPT PACKING pc=0x0000000006726734 sp=0x000000001cef9f50
Event: 1597.944 Thread 0x000000001deb0000 DEOPT UNPACKING pc=0x000000000327557b sp=0x000000001cef9e90 mode 2
Event: 1597.946 Thread 0x0000000020ce4800 Thread added: 0x0000000020ce4800
Event: 1598.038 Thread 0x0000000020ceb000 Thread added: 0x0000000020ceb000
Event: 1598.054 Executing VM operation: CollectForMetadataAllocation


Dynamic libraries:
0x00007ff7143c0000 - 0x00007ff7143f1000 	E:\android studio\jre\bin\java.exe
0x00007ff924500000 - 0x00007ff9246f0000 	C:\Windows\SYSTEM32\ntdll.dll
0x00007ff924070000 - 0x00007ff924122000 	C:\Windows\System32\KERNEL32.DLL
0x00007ff921c60000 - 0x00007ff921f04000 	C:\Windows\System32\KERNELBASE.dll
0x00007ff922810000 - 0x00007ff9228b3000 	C:\Windows\System32\ADVAPI32.dll
0x00007ff922f90000 - 0x00007ff92302e000 	C:\Windows\System32\msvcrt.dll
0x00007ff9243a0000 - 0x00007ff924437000 	C:\Windows\System32\sechost.dll
0x00007ff923040000 - 0x00007ff923160000 	C:\Windows\System32\RPCRT4.dll
0x00007ff924130000 - 0x00007ff9242c4000 	C:\Windows\System32\USER32.dll
0x00007ff9220e0000 - 0x00007ff922101000 	C:\Windows\System32\win32u.dll
0x00007ff9236f0000 - 0x00007ff923716000 	C:\Windows\System32\GDI32.dll
0x00007ff922190000 - 0x00007ff922324000 	C:\Windows\System32\gdi32full.dll
0x00007ff922510000 - 0x00007ff9225ae000 	C:\Windows\System32\msvcp_win.dll
0x00007ff921f10000 - 0x00007ff92200a000 	C:\Windows\System32\ucrtbase.dll
0x00007ff9208d0000 - 0x00007ff920b54000 	C:\Windows\WinSxS\amd64_microsoft.windows.common-controls_6595b64144ccf1df_6.0.18362.836_none_e6c4b943130f18ed\COMCTL32.dll
0x00007ff9228c0000 - 0x00007ff922bf6000 	C:\Windows\System32\combase.dll
0x00007ff922110000 - 0x00007ff922190000 	C:\Windows\System32\bcryptPrimitives.dll
0x00007ff924040000 - 0x00007ff92406e000 	C:\Windows\System32\IMM32.DLL
0x000000006d8a0000 - 0x000000006d972000 	E:\android studio\jre\jre\bin\msvcr100.dll
0x000000006dab0000 - 0x000000006e2f6000 	E:\android studio\jre\jre\bin\server\jvm.dll
0x00007ff923680000 - 0x00007ff923688000 	C:\Windows\System32\PSAPI.DLL
0x00007ff90caa0000 - 0x00007ff90caa9000 	C:\Windows\SYSTEM32\WSOCK32.dll
0x00007ff91ec50000 - 0x00007ff91ec74000 	C:\Windows\SYSTEM32\WINMM.dll
0x00007ff91bfb0000 - 0x00007ff91bfba000 	C:\Windows\SYSTEM32\VERSION.dll
0x00007ff924330000 - 0x00007ff92439f000 	C:\Windows\System32\WS2_32.dll
0x00007ff91ebc0000 - 0x00007ff91ebed000 	C:\Windows\SYSTEM32\WINMMBASE.dll
0x00007ff921c10000 - 0x00007ff921c5a000 	C:\Windows\System32\cfgmgr32.dll
0x00007ff910470000 - 0x00007ff91047f000 	E:\android studio\jre\jre\bin\verify.dll
0x00007ff8f0830000 - 0x00007ff8f0859000 	E:\android studio\jre\jre\bin\java.dll
0x00007ff8f1480000 - 0x00007ff8f1496000 	E:\android studio\jre\jre\bin\zip.dll
0x00007ff923950000 - 0x00007ff924034000 	C:\Windows\System32\SHELL32.dll
0x00007ff923160000 - 0x00007ff923209000 	C:\Windows\System32\shcore.dll
0x00007ff921490000 - 0x00007ff921c0e000 	C:\Windows\System32\windows.storage.dll
0x00007ff921460000 - 0x00007ff921483000 	C:\Windows\System32\profapi.dll
0x00007ff9213f0000 - 0x00007ff92143a000 	C:\Windows\System32\powrprof.dll
0x00007ff9213c0000 - 0x00007ff9213d0000 	C:\Windows\System32\UMPDC.dll
0x00007ff9242d0000 - 0x00007ff924322000 	C:\Windows\System32\shlwapi.dll
0x00007ff9213d0000 - 0x00007ff9213e1000 	C:\Windows\System32\kernel.appcore.dll
0x00007ff9220c0000 - 0x00007ff9220d7000 	C:\Windows\System32\cryptsp.dll
0x00007ff8f0810000 - 0x00007ff8f082a000 	E:\android studio\jre\jre\bin\net.dll
0x00007ff90dff0000 - 0x00007ff90e1c6000 	C:\Windows\SYSTEM32\urlmon.dll
0x00007ff90ea10000 - 0x00007ff90ecb6000 	C:\Windows\SYSTEM32\iertutil.dll
0x00007ff920780000 - 0x00007ff92078c000 	C:\Windows\SYSTEM32\CRYPTBASE.DLL
0x00007ff9205b0000 - 0x00007ff920617000 	C:\Windows\system32\mswsock.dll
0x00007ff8f0610000 - 0x00007ff8f0623000 	E:\android studio\jre\jre\bin\nio.dll
0x00007ff8f0750000 - 0x00007ff8f0776000 	C:\Users\robert\.gradle\native\30\windows-amd64\native-platform.dll
0x00007ff910270000 - 0x00007ff91027d000 	E:\android studio\jre\jre\bin\management.dll
0x00007ff920120000 - 0x00007ff920153000 	C:\Windows\system32\rsaenh.dll
0x00007ff922390000 - 0x00007ff9223b6000 	C:\Windows\System32\bcrypt.dll
0x00007ff9212e0000 - 0x00007ff921305000 	C:\Windows\SYSTEM32\USERENV.dll
0x00007ff9202c0000 - 0x00007ff9202fa000 	C:\Windows\SYSTEM32\IPHLPAPI.DLL
0x00007ff923030000 - 0x00007ff923038000 	C:\Windows\System32\NSI.dll
0x00007ff919750000 - 0x00007ff919766000 	C:\Windows\SYSTEM32\dhcpcsvc6.DLL
0x00007ff919730000 - 0x00007ff91974c000 	C:\Windows\SYSTEM32\dhcpcsvc.DLL
0x00007ff920300000 - 0x00007ff9203cb000 	C:\Windows\SYSTEM32\DNSAPI.dll
0x00007ff8d9350000 - 0x00007ff8d9374000 	E:\android studio\jre\jre\bin\sunec.dll
0x00007ff90ed50000 - 0x00007ff90ed5a000 	C:\Windows\System32\rasadhlp.dll
0x00007ff9186a0000 - 0x00007ff918717000 	C:\Windows\System32\fwpuclnt.dll
0x00007ff90a420000 - 0x00007ff90a42b000 	E:\android studio\jre\jre\bin\sunmscapi.dll
0x00007ff9223c0000 - 0x00007ff922509000 	C:\Windows\System32\CRYPT32.dll
0x00007ff921440000 - 0x00007ff921452000 	C:\Windows\System32\MSASN1.dll
0x00007ff920ee0000 - 0x00007ff9210d4000 	C:\Windows\SYSTEM32\dbghelp.dll

VM Arguments:
jvm_args: -Xmx1536m -Dfile.encoding=windows-1250 -Duser.country=PL -Duser.language=pl -Duser.variant 
java_command: org.gradle.launcher.daemon.bootstrap.GradleDaemon 5.6.4
java_class_path (initial): C:\Users\robert\.gradle\wrapper\dists\gradle-5.6.4-all\ankdp27end7byghfw1q2sw75f\gradle-5.6.4\lib\gradle-launcher-5.6.4.jar
Launcher Type: SUN_STANDARD

Environment Variables:
PATH=C:\Program Files (x86)\Common Files\Oracle\Java\javapath;C:\Windows\system32;C:\Windows;C:\Windows\System32\Wbem;C:\Windows\System32\WindowsPowerShell\v1.0\;C:\Windows\System32\OpenSSH\;C:\Program Files\Git\cmd;C:\Program Files (x86)\HP\Common\HPDestPlgIn\;C:\Users\robert\AppData\Local\Microsoft\WindowsApps;C:\Program Files (x86)\HP\Common\HPDestPlgIn\;C:\Users\robert\AppData\Local\atom\bin
USERNAME=robert
OS=Windows_NT
PROCESSOR_IDENTIFIER=Intel64 Family 6 Model 158 Stepping 9, GenuineIntel



---------------  S Y S T E M  ---------------

OS: Windows 10.0 , 64 bit Build 18362 (10.0.18362.778)

CPU:total 8 (initial active 8) (4 cores per cpu, 2 threads per core) family 6 model 158 stepping 9, cmov, cx8, fxsr, mmx, sse, sse2, sse3, ssse3, sse4.1, sse4.2, popcnt, avx, avx2, aes, clmul, erms, 3dnowpref, lzcnt, ht, tsc, tscinvbit, bmi1, bmi2, adx

Memory: 4k page, physical 25028888k(14706368k free), swap 50194712k(36291560k free)

vm_info: OpenJDK 64-Bit Server VM (25.212-b04) for windows-amd64 JRE (1.8.0_212-release-1586-b04), built by "builder" with MS VC++ 10.0 (VS2010)

time: Fri May 22 16:01:57 2020
timezone: Œrodkowoeuropejski czas letni
elapsed time: 1598 seconds (0d 0h 26m 38s)

